<?xml version="1.0" encoding="UTF-8"?>
<testsuite name="powerpackage.PowerTest" tests="4" skipped="0" failures="0" errors="0" timestamp="2024-12-23T15:00:15" hostname="ALPHA_18" time="0.021">
  <properties/>
  <testcase name="oneRaisedToOneIsOne()" classname="powerpackage.PowerTest" time="0.015"/>
  <testcase name="twoRaisedToTwoIsFour()" classname="powerpackage.PowerTest" time="0.0"/>
  <testcase name="twoRaisedToOneIsTwo()" classname="powerpackage.PowerTest" time="0.001"/>
  <testcase name="threeRaisedToTwoIsNine()" classname="powerpackage.PowerTest" time="0.001"/>
  <system-out><![CDATA[]]></system-out>
  <system-err><![CDATA[]]></system-err>
</testsuite>
